1771068674.532325 client started (6647): version 3.6a, socket /private/tmp/tmux-501/default, protocol 8
1771068674.532372 on Darwin 24.6.0 Darwin Kernel Version 24.6.0: Mon Aug 11 21:16:21 PDT 2025; root:xnu-11417.140.69.701.11~1/RELEASE_ARM64_T6000
1771068674.532381 using libevent 2.1.12-stable select
1771068674.532387 using utf8proc 2.11.3
1771068674.532391 using ncurses 6.5 20240427
1771068674.532404 flags are 0x10010000
1771068674.532408 socket is /private/tmp/tmux-501/default
1771068674.532419 trying connect
1771068674.532446 add peer 0x60000311c0d0: 6 (0x0)
1771068674.534779 sending message 111 to peer 0x60000311c0d0 (8 bytes)
1771068674.534792 sending message 111 to peer 0x60000311c0d0 (8 bytes)
1771068674.534796 sending message 101 to peer 0x60000311c0d0 (14 bytes)
1771068674.534801 sending message 109 to peer 0x60000311c0d0 (4 bytes)
1771068674.534804 sending message 102 to peer 0x60000311c0d0 (13 bytes)
1771068674.534808 sending message 108 to peer 0x60000311c0d0 (46 bytes)
1771068674.534811 sending message 112 to peer 0x60000311c0d0 (70 bytes)
1771068674.534814 sending message 112 to peer 0x60000311c0d0 (5 bytes)
1771068674.534818 sending message 112 to peer 0x60000311c0d0 (5 bytes)
1771068674.534821 sending message 112 to peer 0x60000311c0d0 (6 bytes)
1771068674.534825 sending message 112 to peer 0x60000311c0d0 (6 bytes)
1771068674.534828 sending message 112 to peer 0x60000311c0d0 (11 bytes)
1771068674.534831 sending message 112 to peer 0x60000311c0d0 (10 bytes)
1771068674.534835 sending message 112 to peer 0x60000311c0d0 (13 bytes)
1771068674.534838 sending message 112 to peer 0x60000311c0d0 (13 bytes)
1771068674.534842 sending message 112 to peer 0x60000311c0d0 (18 bytes)
1771068674.534845 sending message 112 to peer 0x60000311c0d0 (11 bytes)
1771068674.534848 sending message 112 to peer 0x60000311c0d0 (10 bytes)
1771068674.534852 sending message 112 to peer 0x60000311c0d0 (15 bytes)
1771068674.534855 sending message 112 to peer 0x60000311c0d0 (21 bytes)
1771068674.534858 sending message 112 to peer 0x60000311c0d0 (13 bytes)
1771068674.534862 sending message 112 to peer 0x60000311c0d0 (7 bytes)
1771068674.534865 sending message 112 to peer 0x60000311c0d0 (13 bytes)
1771068674.534868 sending message 112 to peer 0x60000311c0d0 (7 bytes)
1771068674.534872 sending message 112 to peer 0x60000311c0d0 (13 bytes)
1771068674.534875 sending message 112 to peer 0x60000311c0d0 (9 bytes)
1771068674.534878 sending message 112 to peer 0x60000311c0d0 (21 bytes)
1771068674.534882 sending message 112 to peer 0x60000311c0d0 (13 bytes)
1771068674.534885 sending message 112 to peer 0x60000311c0d0 (8 bytes)
1771068674.534889 sending message 112 to peer 0x60000311c0d0 (12 bytes)
1771068674.534892 sending message 112 to peer 0x60000311c0d0 (13 bytes)
1771068674.534895 sending message 112 to peer 0x60000311c0d0 (9 bytes)
1771068674.534899 sending message 112 to peer 0x60000311c0d0 (9 bytes)
1771068674.534902 sending message 112 to peer 0x60000311c0d0 (12 bytes)
1771068674.534906 sending message 112 to peer 0x60000311c0d0 (8 bytes)
1771068674.534909 sending message 112 to peer 0x60000311c0d0 (8 bytes)
1771068674.534912 sending message 112 to peer 0x60000311c0d0 (7 bytes)
1771068674.534916 sending message 112 to peer 0x60000311c0d0 (7 bytes)
1771068674.534919 sending message 112 to peer 0x60000311c0d0 (9 bytes)
1771068674.534923 sending message 112 to peer 0x60000311c0d0 (13 bytes)
1771068674.534926 sending message 112 to peer 0x60000311c0d0 (6 bytes)
1771068674.534929 sending message 112 to peer 0x60000311c0d0 (9 bytes)
1771068674.534933 sending message 112 to peer 0x60000311c0d0 (15 bytes)
1771068674.534936 sending message 112 to peer 0x60000311c0d0 (13 bytes)
1771068674.534940 sending message 112 to peer 0x60000311c0d0 (12 bytes)
1771068674.534943 sending message 112 to peer 0x60000311c0d0 (8 bytes)
1771068674.534947 sending message 112 to peer 0x60000311c0d0 (14 bytes)
1771068674.534950 sending message 112 to peer 0x60000311c0d0 (11 bytes)
1771068674.534953 sending message 112 to peer 0x60000311c0d0 (9 bytes)
1771068674.534957 sending message 112 to peer 0x60000311c0d0 (10 bytes)
1771068674.534966 sending message 112 to peer 0x60000311c0d0 (10 bytes)
1771068674.534969 sending message 112 to peer 0x60000311c0d0 (10 bytes)
1771068674.534972 sending message 112 to peer 0x60000311c0d0 (10 bytes)
1771068674.534974 sending message 112 to peer 0x60000311c0d0 (11 bytes)
1771068674.534977 sending message 112 to peer 0x60000311c0d0 (12 bytes)
1771068674.534979 sending message 112 to peer 0x60000311c0d0 (12 bytes)
1771068674.534982 sending message 112 to peer 0x60000311c0d0 (12 bytes)
1771068674.534984 sending message 112 to peer 0x60000311c0d0 (12 bytes)
1771068674.534987 sending message 112 to peer 0x60000311c0d0 (12 bytes)
1771068674.534989 sending message 112 to peer 0x60000311c0d0 (11 bytes)
1771068674.534991 sending message 112 to peer 0x60000311c0d0 (11 bytes)
1771068674.534994 sending message 112 to peer 0x60000311c0d0 (12 bytes)
1771068674.534996 sending message 112 to peer 0x60000311c0d0 (12 bytes)
1771068674.534999 sending message 112 to peer 0x60000311c0d0 (12 bytes)
1771068674.535001 sending message 112 to peer 0x60000311c0d0 (12 bytes)
1771068674.535004 sending message 112 to peer 0x60000311c0d0 (12 bytes)
1771068674.535006 sending message 112 to peer 0x60000311c0d0 (10 bytes)
1771068674.535008 sending message 112 to peer 0x60000311c0d0 (12 bytes)
1771068674.535011 sending message 112 to peer 0x60000311c0d0 (13 bytes)
1771068674.535013 sending message 112 to peer 0x60000311c0d0 (13 bytes)
1771068674.535016 sending message 112 to peer 0x60000311c0d0 (13 bytes)
1771068674.535019 sending message 112 to peer 0x60000311c0d0 (13 bytes)
1771068674.535021 sending message 112 to peer 0x60000311c0d0 (13 bytes)
1771068674.535024 sending message 112 to peer 0x60000311c0d0 (8 bytes)
1771068674.535026 sending message 112 to peer 0x60000311c0d0 (11 bytes)
1771068674.535029 sending message 112 to peer 0x60000311c0d0 (11 bytes)
1771068674.535031 sending message 112 to peer 0x60000311c0d0 (11 bytes)
1771068674.535034 sending message 112 to peer 0x60000311c0d0 (12 bytes)
1771068674.535037 sending message 112 to peer 0x60000311c0d0 (12 bytes)
1771068674.535039 sending message 112 to peer 0x60000311c0d0 (12 bytes)
1771068674.535041 sending message 112 to peer 0x60000311c0d0 (12 bytes)
1771068674.535044 sending message 112 to peer 0x60000311c0d0 (13 bytes)
1771068674.535046 sending message 112 to peer 0x60000311c0d0 (13 bytes)
1771068674.535049 sending message 112 to peer 0x60000311c0d0 (13 bytes)
1771068674.535051 sending message 112 to peer 0x60000311c0d0 (8 bytes)
1771068674.535054 sending message 112 to peer 0x60000311c0d0 (13 bytes)
1771068674.535056 sending message 112 to peer 0x60000311c0d0 (13 bytes)
1771068674.535059 sending message 112 to peer 0x60000311c0d0 (13 bytes)
1771068674.535061 sending message 112 to peer 0x60000311c0d0 (13 bytes)
1771068674.535063 sending message 112 to peer 0x60000311c0d0 (13 bytes)
1771068674.535066 sending message 112 to peer 0x60000311c0d0 (12 bytes)
1771068674.535068 sending message 112 to peer 0x60000311c0d0 (12 bytes)
1771068674.535071 sending message 112 to peer 0x60000311c0d0 (12 bytes)
1771068674.535073 sending message 112 to peer 0x60000311c0d0 (12 bytes)
1771068674.535076 sending message 112 to peer 0x60000311c0d0 (13 bytes)
1771068674.535078 sending message 112 to peer 0x60000311c0d0 (8 bytes)
1771068674.535080 sending message 112 to peer 0x60000311c0d0 (13 bytes)
1771068674.535083 sending message 112 to peer 0x60000311c0d0 (13 bytes)
1771068674.535085 sending message 112 to peer 0x60000311c0d0 (13 bytes)
1771068674.535088 sending message 112 to peer 0x60000311c0d0 (13 bytes)
1771068674.535090 sending message 112 to peer 0x60000311c0d0 (13 bytes)
1771068674.535093 sending message 112 to peer 0x60000311c0d0 (13 bytes)
1771068674.535095 sending message 112 to peer 0x60000311c0d0 (13 bytes)
1771068674.535097 sending message 112 to peer 0x60000311c0d0 (12 bytes)
1771068674.535100 sending message 112 to peer 0x60000311c0d0 (12 bytes)
1771068674.535102 sending message 112 to peer 0x60000311c0d0 (12 bytes)
1771068674.535105 sending message 112 to peer 0x60000311c0d0 (8 bytes)
1771068674.535111 sending message 112 to peer 0x60000311c0d0 (12 bytes)
1771068674.535114 sending message 112 to peer 0x60000311c0d0 (13 bytes)
1771068674.535116 sending message 112 to peer 0x60000311c0d0 (13 bytes)
1771068674.535119 sending message 112 to peer 0x60000311c0d0 (13 bytes)
1771068674.535121 sending message 112 to peer 0x60000311c0d0 (13 bytes)
1771068674.535124 sending message 112 to peer 0x60000311c0d0 (13 bytes)
1771068674.535126 sending message 112 to peer 0x60000311c0d0 (13 bytes)
1771068674.535129 sending message 112 to peer 0x60000311c0d0 (13 bytes)
1771068674.535131 sending message 112 to peer 0x60000311c0d0 (13 bytes)
1771068674.535134 sending message 112 to peer 0x60000311c0d0 (12 bytes)
1771068674.535136 sending message 112 to peer 0x60000311c0d0 (10 bytes)
1771068674.535139 sending message 112 to peer 0x60000311c0d0 (12 bytes)
1771068674.535142 sending message 112 to peer 0x60000311c0d0 (12 bytes)
1771068674.535145 sending message 112 to peer 0x60000311c0d0 (12 bytes)
1771068674.535147 sending message 112 to peer 0x60000311c0d0 (13 bytes)
1771068674.535150 sending message 112 to peer 0x60000311c0d0 (13 bytes)
1771068674.535153 sending message 112 to peer 0x60000311c0d0 (13 bytes)
1771068674.535155 sending message 112 to peer 0x60000311c0d0 (13 bytes)
1771068674.535158 sending message 112 to peer 0x60000311c0d0 (13 bytes)
1771068674.535160 sending message 112 to peer 0x60000311c0d0 (13 bytes)
1771068674.535163 sending message 112 to peer 0x60000311c0d0 (13 bytes)
1771068674.535165 sending message 112 to peer 0x60000311c0d0 (10 bytes)
1771068674.535167 sending message 112 to peer 0x60000311c0d0 (13 bytes)
1771068674.535170 sending message 112 to peer 0x60000311c0d0 (12 bytes)
1771068674.535172 sending message 112 to peer 0x60000311c0d0 (12 bytes)
1771068674.535174 sending message 112 to peer 0x60000311c0d0 (12 bytes)
1771068674.535177 sending message 112 to peer 0x60000311c0d0 (10 bytes)
1771068674.535179 sending message 112 to peer 0x60000311c0d0 (10 bytes)
1771068674.535182 sending message 112 to peer 0x60000311c0d0 (10 bytes)
1771068674.535184 sending message 112 to peer 0x60000311c0d0 (12 bytes)
1771068674.535187 sending message 112 to peer 0x60000311c0d0 (13 bytes)
1771068674.535189 sending message 112 to peer 0x60000311c0d0 (13 bytes)
1771068674.535192 sending message 112 to peer 0x60000311c0d0 (13 bytes)
1771068674.535194 sending message 112 to peer 0x60000311c0d0 (13 bytes)
1771068674.535197 sending message 112 to peer 0x60000311c0d0 (13 bytes)
1771068674.535199 sending message 112 to peer 0x60000311c0d0 (11 bytes)
1771068674.535202 sending message 112 to peer 0x60000311c0d0 (11 bytes)
1771068674.535204 sending message 112 to peer 0x60000311c0d0 (12 bytes)
1771068674.535206 sending message 112 to peer 0x60000311c0d0 (12 bytes)
1771068674.535209 sending message 112 to peer 0x60000311c0d0 (12 bytes)
1771068674.535212 sending message 112 to peer 0x60000311c0d0 (12 bytes)
1771068674.535214 sending message 112 to peer 0x60000311c0d0 (12 bytes)
1771068674.535216 sending message 112 to peer 0x60000311c0d0 (11 bytes)
1771068674.535219 sending message 112 to peer 0x60000311c0d0 (12 bytes)
1771068674.535222 sending message 112 to peer 0x60000311c0d0 (12 bytes)
1771068674.535224 sending message 112 to peer 0x60000311c0d0 (13 bytes)
1771068674.535227 sending message 112 to peer 0x60000311c0d0 (13 bytes)
1771068674.535230 sending message 112 to peer 0x60000311c0d0 (13 bytes)
1771068674.535232 sending message 112 to peer 0x60000311c0d0 (13 bytes)
1771068674.535234 sending message 112 to peer 0x60000311c0d0 (13 bytes)
1771068674.535237 sending message 112 to peer 0x60000311c0d0 (10 bytes)
1771068674.535239 sending message 112 to peer 0x60000311c0d0 (9 bytes)
1771068674.535241 sending message 112 to peer 0x60000311c0d0 (12 bytes)
1771068674.535244 sending message 112 to peer 0x60000311c0d0 (13 bytes)
1771068674.535246 sending message 112 to peer 0x60000311c0d0 (13 bytes)
1771068674.535249 sending message 112 to peer 0x60000311c0d0 (13 bytes)
1771068674.535251 sending message 112 to peer 0x60000311c0d0 (13 bytes)
1771068674.535257 sending message 112 to peer 0x60000311c0d0 (13 bytes)
1771068674.535259 sending message 112 to peer 0x60000311c0d0 (9 bytes)
1771068674.535262 sending message 112 to peer 0x60000311c0d0 (12 bytes)
1771068674.535264 sending message 112 to peer 0x60000311c0d0 (13 bytes)
1771068674.535267 sending message 112 to peer 0x60000311c0d0 (13 bytes)
1771068674.535269 sending message 112 to peer 0x60000311c0d0 (13 bytes)
1771068674.535272 sending message 112 to peer 0x60000311c0d0 (13 bytes)
1771068674.535274 sending message 112 to peer 0x60000311c0d0 (13 bytes)
1771068674.535277 sending message 112 to peer 0x60000311c0d0 (11 bytes)
1771068674.535279 sending message 112 to peer 0x60000311c0d0 (12 bytes)
1771068674.535281 sending message 112 to peer 0x60000311c0d0 (13 bytes)
1771068674.535284 sending message 112 to peer 0x60000311c0d0 (13 bytes)
1771068674.535286 sending message 112 to peer 0x60000311c0d0 (13 bytes)
1771068674.535289 sending message 112 to peer 0x60000311c0d0 (13 bytes)
1771068674.535291 sending message 112 to peer 0x60000311c0d0 (13 bytes)
1771068674.535294 sending message 112 to peer 0x60000311c0d0 (11 bytes)
1771068674.535297 sending message 112 to peer 0x60000311c0d0 (12 bytes)
1771068674.535299 sending message 112 to peer 0x60000311c0d0 (12 bytes)
1771068674.535302 sending message 112 to peer 0x60000311c0d0 (12 bytes)
1771068674.535304 sending message 112 to peer 0x60000311c0d0 (12 bytes)
1771068674.535307 sending message 112 to peer 0x60000311c0d0 (12 bytes)
1771068674.535309 sending message 112 to peer 0x60000311c0d0 (21 bytes)
1771068674.535312 sending message 112 to peer 0x60000311c0d0 (12 bytes)
1771068674.535315 sending message 112 to peer 0x60000311c0d0 (9 bytes)
1771068674.535317 sending message 112 to peer 0x60000311c0d0 (6 bytes)
1771068674.535320 sending message 112 to peer 0x60000311c0d0 (13 bytes)
1771068674.535322 sending message 112 to peer 0x60000311c0d0 (8 bytes)
1771068674.535325 sending message 112 to peer 0x60000311c0d0 (15 bytes)
1771068674.535327 sending message 112 to peer 0x60000311c0d0 (13 bytes)
1771068674.535329 sending message 112 to peer 0x60000311c0d0 (9 bytes)
1771068674.535332 sending message 112 to peer 0x60000311c0d0 (70 bytes)
1771068674.535334 sending message 112 to peer 0x60000311c0d0 (69 bytes)
1771068674.535337 sending message 112 to peer 0x60000311c0d0 (10 bytes)
1771068674.535339 sending message 112 to peer 0x60000311c0d0 (10 bytes)
1771068674.535342 sending message 112 to peer 0x60000311c0d0 (8 bytes)
1771068674.535344 sending message 112 to peer 0x60000311c0d0 (15 bytes)
1771068674.535347 sending message 112 to peer 0x60000311c0d0 (13 bytes)
1771068674.535349 sending message 112 to peer 0x60000311c0d0 (10 bytes)
1771068674.535351 sending message 112 to peer 0x60000311c0d0 (10 bytes)
1771068674.535354 sending message 112 to peer 0x60000311c0d0 (17 bytes)
1771068674.535356 sending message 112 to peer 0x60000311c0d0 (10 bytes)
1771068674.535359 sending message 112 to peer 0x60000311c0d0 (13 bytes)
1771068674.535361 sending message 112 to peer 0x60000311c0d0 (9 bytes)
1771068674.535364 sending message 112 to peer 0x60000311c0d0 (5 bytes)
1771068674.535366 sending message 112 to peer 0x60000311c0d0 (15 bytes)
1771068674.535370 sending message 104 to peer 0x60000311c0d0 (0 bytes)
1771068674.535373 sending message 110 to peer 0x60000311c0d0 (0 bytes)
1771068674.535376 sending message 107 to peer 0x60000311c0d0 (4 bytes)
1771068674.535378 sending message 105 to peer 0x60000311c0d0 (13 bytes)
1771068674.535381 sending message 105 to peer 0x60000311c0d0 (27 bytes)
1771068674.535383 sending message 105 to peer 0x60000311c0d0 (15 bytes)
1771068674.535386 sending message 105 to peer 0x60000311c0d0 (96 bytes)
1771068674.535388 sending message 105 to peer 0x60000311c0d0 (20 bytes)
1771068674.535391 sending message 105 to peer 0x60000311c0d0 (22 bytes)
1771068674.535393 sending message 105 to peer 0x60000311c0d0 (27 bytes)
1771068674.535396 sending message 105 to peer 0x60000311c0d0 (16 bytes)
1771068674.535399 sending message 105 to peer 0x60000311c0d0 (24 bytes)
1771068674.535406 sending message 105 to peer 0x60000311c0d0 (37 bytes)
1771068674.535409 sending message 105 to peer 0x60000311c0d0 (30 bytes)
1771068674.535412 sending message 105 to peer 0x60000311c0d0 (34 bytes)
1771068674.535414 sending message 105 to peer 0x60000311c0d0 (85 bytes)
1771068674.535417 sending message 105 to peer 0x60000311c0d0 (90 bytes)
1771068674.535419 sending message 105 to peer 0x60000311c0d0 (10 bytes)
1771068674.535421 sending message 105 to peer 0x60000311c0d0 (15 bytes)
1771068674.535424 sending message 105 to peer 0x60000311c0d0 (20 bytes)
1771068674.535426 sending message 105 to peer 0x60000311c0d0 (54 bytes)
1771068674.535429 sending message 105 to peer 0x60000311c0d0 (37 bytes)
1771068674.535431 sending message 105 to peer 0x60000311c0d0 (53 bytes)
1771068674.535434 sending message 105 to peer 0x60000311c0d0 (56 bytes)
1771068674.535436 sending message 105 to peer 0x60000311c0d0 (548 bytes)
1771068674.535439 sending message 105 to peer 0x60000311c0d0 (50 bytes)
1771068674.535441 sending message 105 to peer 0x60000311c0d0 (22 bytes)
1771068674.535444 sending message 105 to peer 0x60000311c0d0 (24 bytes)
1771068674.535446 sending message 105 to peer 0x60000311c0d0 (15 bytes)
1771068674.535449 sending message 105 to peer 0x60000311c0d0 (8 bytes)
1771068674.535451 sending message 105 to peer 0x60000311c0d0 (66 bytes)
1771068674.535454 sending message 105 to peer 0x60000311c0d0 (19 bytes)
1771068674.535456 sending message 105 to peer 0x60000311c0d0 (18 bytes)
1771068674.535459 sending message 105 to peer 0x60000311c0d0 (26 bytes)
1771068674.535463 sending message 105 to peer 0x60000311c0d0 (57 bytes)
1771068674.535466 sending message 105 to peer 0x60000311c0d0 (43 bytes)
1771068674.535469 sending message 105 to peer 0x60000311c0d0 (13 bytes)
1771068674.535471 sending message 105 to peer 0x60000311c0d0 (17 bytes)
1771068674.535474 sending message 105 to peer 0x60000311c0d0 (14 bytes)
1771068674.535476 sending message 105 to peer 0x60000311c0d0 (19 bytes)
1771068674.535479 sending message 105 to peer 0x60000311c0d0 (53 bytes)
1771068674.535481 sending message 105 to peer 0x60000311c0d0 (38 bytes)
1771068674.535484 sending message 105 to peer 0x60000311c0d0 (25 bytes)
1771068674.535486 sending message 106 to peer 0x60000311c0d0 (0 bytes)
1771068674.535528 sending message 200 to peer 0x60000311c0d0 (4 bytes)
1771068674.535532 client loop enter
1771068674.535687 peer 0x60000311c0d0 message 303
1771068674.535698 open write file 2 -
1771068674.535719 sending message 305 to peer 0x60000311c0d0 (8 bytes)
1771068674.535729 write check file 2
1771068674.535763 peer 0x60000311c0d0 message 304
1771068674.535768 write 58 to file 2
1771068674.535772 peer 0x60000311c0d0 message 203
1771068674.535775 file 2 58 bytes left
1771068674.535784 write check file 2
1771068674.535787 client loop exit
