1771068670.894645 client started (6629): version 3.6a, socket /private/tmp/tmux-501/default, protocol 8
1771068670.894723 on Darwin 24.6.0 Darwin Kernel Version 24.6.0: Mon Aug 11 21:16:21 PDT 2025; root:xnu-11417.140.69.701.11~1/RELEASE_ARM64_T6000
1771068670.894733 using libevent 2.1.12-stable select
1771068670.894766 using utf8proc 2.11.3
1771068670.894773 using ncurses 6.5 20240427
1771068670.894791 flags are 0x18010000
1771068670.894797 socket is /private/tmp/tmux-501/default
1771068670.894811 trying connect
1771068670.894868 add peer 0x13d61b090: 6 (0x0)
1771068670.897786 sending message 111 to peer 0x13d61b090 (8 bytes)
1771068670.897799 sending message 111 to peer 0x13d61b090 (8 bytes)
1771068670.897806 sending message 101 to peer 0x13d61b090 (15 bytes)
1771068670.897811 sending message 109 to peer 0x13d61b090 (4 bytes)
1771068670.897815 sending message 102 to peer 0x13d61b090 (13 bytes)
1771068670.897819 sending message 108 to peer 0x13d61b090 (46 bytes)
1771068670.897825 sending message 112 to peer 0x13d61b090 (58 bytes)
1771068670.897829 sending message 112 to peer 0x13d61b090 (5 bytes)
1771068670.897835 sending message 112 to peer 0x13d61b090 (5 bytes)
1771068670.897839 sending message 112 to peer 0x13d61b090 (6 bytes)
1771068670.897843 sending message 112 to peer 0x13d61b090 (6 bytes)
1771068670.897847 sending message 112 to peer 0x13d61b090 (11 bytes)
1771068670.897851 sending message 112 to peer 0x13d61b090 (10 bytes)
1771068670.897856 sending message 112 to peer 0x13d61b090 (13 bytes)
1771068670.897860 sending message 112 to peer 0x13d61b090 (14 bytes)
1771068670.897866 sending message 112 to peer 0x13d61b090 (19 bytes)
1771068670.897870 sending message 112 to peer 0x13d61b090 (11 bytes)
1771068670.897874 sending message 112 to peer 0x13d61b090 (10 bytes)
1771068670.897880 sending message 112 to peer 0x13d61b090 (15 bytes)
1771068670.897884 sending message 112 to peer 0x13d61b090 (21 bytes)
1771068670.897888 sending message 112 to peer 0x13d61b090 (13 bytes)
1771068670.897892 sending message 112 to peer 0x13d61b090 (7 bytes)
1771068670.897896 sending message 112 to peer 0x13d61b090 (13 bytes)
1771068670.897900 sending message 112 to peer 0x13d61b090 (7 bytes)
1771068670.897904 sending message 112 to peer 0x13d61b090 (13 bytes)
1771068670.897908 sending message 112 to peer 0x13d61b090 (9 bytes)
1771068670.897912 sending message 112 to peer 0x13d61b090 (21 bytes)
1771068670.897916 sending message 112 to peer 0x13d61b090 (13 bytes)
1771068670.897922 sending message 112 to peer 0x13d61b090 (9 bytes)
1771068670.897926 sending message 112 to peer 0x13d61b090 (16 bytes)
1771068670.897929 sending message 112 to peer 0x13d61b090 (13 bytes)
1771068670.897935 sending message 112 to peer 0x13d61b090 (9 bytes)
1771068670.897939 sending message 112 to peer 0x13d61b090 (9 bytes)
1771068670.897944 sending message 112 to peer 0x13d61b090 (12 bytes)
1771068670.897947 sending message 112 to peer 0x13d61b090 (8 bytes)
1771068670.897951 sending message 112 to peer 0x13d61b090 (8 bytes)
1771068670.897956 sending message 112 to peer 0x13d61b090 (13 bytes)
1771068670.897960 sending message 112 to peer 0x13d61b090 (7 bytes)
1771068670.897964 sending message 112 to peer 0x13d61b090 (7 bytes)
1771068670.897967 sending message 112 to peer 0x13d61b090 (9 bytes)
1771068670.897971 sending message 112 to peer 0x13d61b090 (9 bytes)
1771068670.897975 sending message 112 to peer 0x13d61b090 (15 bytes)
1771068670.897979 sending message 112 to peer 0x13d61b090 (13 bytes)
1771068670.897983 sending message 112 to peer 0x13d61b090 (12 bytes)
1771068670.897987 sending message 112 to peer 0x13d61b090 (8 bytes)
1771068670.897991 sending message 112 to peer 0x13d61b090 (14 bytes)
1771068670.897995 sending message 112 to peer 0x13d61b090 (11 bytes)
1771068670.897999 sending message 112 to peer 0x13d61b090 (9 bytes)
1771068670.898003 sending message 112 to peer 0x13d61b090 (10 bytes)
1771068670.898009 sending message 112 to peer 0x13d61b090 (10 bytes)
1771068670.898013 sending message 112 to peer 0x13d61b090 (10 bytes)
1771068670.898017 sending message 112 to peer 0x13d61b090 (10 bytes)
1771068670.898030 sending message 112 to peer 0x13d61b090 (11 bytes)
1771068670.898034 sending message 112 to peer 0x13d61b090 (12 bytes)
1771068670.898037 sending message 112 to peer 0x13d61b090 (12 bytes)
1771068670.898040 sending message 112 to peer 0x13d61b090 (12 bytes)
1771068670.898044 sending message 112 to peer 0x13d61b090 (12 bytes)
1771068670.898047 sending message 112 to peer 0x13d61b090 (12 bytes)
1771068670.898050 sending message 112 to peer 0x13d61b090 (11 bytes)
1771068670.898053 sending message 112 to peer 0x13d61b090 (11 bytes)
1771068670.898056 sending message 112 to peer 0x13d61b090 (12 bytes)
1771068670.898060 sending message 112 to peer 0x13d61b090 (12 bytes)
1771068670.898063 sending message 112 to peer 0x13d61b090 (12 bytes)
1771068670.898066 sending message 112 to peer 0x13d61b090 (12 bytes)
1771068670.898069 sending message 112 to peer 0x13d61b090 (12 bytes)
1771068670.898072 sending message 112 to peer 0x13d61b090 (9 bytes)
1771068670.898075 sending message 112 to peer 0x13d61b090 (12 bytes)
1771068670.898079 sending message 112 to peer 0x13d61b090 (13 bytes)
1771068670.898081 sending message 112 to peer 0x13d61b090 (13 bytes)
1771068670.898084 sending message 112 to peer 0x13d61b090 (13 bytes)
1771068670.898087 sending message 112 to peer 0x13d61b090 (13 bytes)
1771068670.898091 sending message 112 to peer 0x13d61b090 (13 bytes)
1771068670.898094 sending message 112 to peer 0x13d61b090 (8 bytes)
1771068670.898097 sending message 112 to peer 0x13d61b090 (11 bytes)
1771068670.898101 sending message 112 to peer 0x13d61b090 (11 bytes)
1771068670.898105 sending message 112 to peer 0x13d61b090 (11 bytes)
1771068670.898107 sending message 112 to peer 0x13d61b090 (12 bytes)
1771068670.898112 sending message 112 to peer 0x13d61b090 (12 bytes)
1771068670.898115 sending message 112 to peer 0x13d61b090 (12 bytes)
1771068670.898118 sending message 112 to peer 0x13d61b090 (12 bytes)
1771068670.898122 sending message 112 to peer 0x13d61b090 (13 bytes)
1771068670.898126 sending message 112 to peer 0x13d61b090 (13 bytes)
1771068670.898128 sending message 112 to peer 0x13d61b090 (13 bytes)
1771068670.898132 sending message 112 to peer 0x13d61b090 (8 bytes)
1771068670.898135 sending message 112 to peer 0x13d61b090 (13 bytes)
1771068670.898137 sending message 112 to peer 0x13d61b090 (13 bytes)
1771068670.898141 sending message 112 to peer 0x13d61b090 (13 bytes)
1771068670.898144 sending message 112 to peer 0x13d61b090 (13 bytes)
1771068670.898148 sending message 112 to peer 0x13d61b090 (13 bytes)
1771068670.898155 sending message 112 to peer 0x13d61b090 (12 bytes)
1771068670.898160 sending message 112 to peer 0x13d61b090 (12 bytes)
1771068670.898165 sending message 112 to peer 0x13d61b090 (12 bytes)
1771068670.898170 sending message 112 to peer 0x13d61b090 (12 bytes)
1771068670.898176 sending message 112 to peer 0x13d61b090 (13 bytes)
1771068670.898181 sending message 112 to peer 0x13d61b090 (8 bytes)
1771068670.898186 sending message 112 to peer 0x13d61b090 (13 bytes)
1771068670.898192 sending message 112 to peer 0x13d61b090 (13 bytes)
1771068670.898197 sending message 112 to peer 0x13d61b090 (13 bytes)
1771068670.898202 sending message 112 to peer 0x13d61b090 (13 bytes)
1771068670.898208 sending message 112 to peer 0x13d61b090 (13 bytes)
1771068670.898212 sending message 112 to peer 0x13d61b090 (13 bytes)
1771068670.898218 sending message 112 to peer 0x13d61b090 (13 bytes)
1771068670.898223 sending message 112 to peer 0x13d61b090 (12 bytes)
1771068670.898229 sending message 112 to peer 0x13d61b090 (12 bytes)
1771068670.898234 sending message 112 to peer 0x13d61b090 (12 bytes)
1771068670.898240 sending message 112 to peer 0x13d61b090 (8 bytes)
1771068670.898245 sending message 112 to peer 0x13d61b090 (12 bytes)
1771068670.898250 sending message 112 to peer 0x13d61b090 (13 bytes)
1771068670.898255 sending message 112 to peer 0x13d61b090 (13 bytes)
1771068670.898261 sending message 112 to peer 0x13d61b090 (13 bytes)
1771068670.898266 sending message 112 to peer 0x13d61b090 (13 bytes)
1771068670.898280 sending message 112 to peer 0x13d61b090 (13 bytes)
1771068670.898285 sending message 112 to peer 0x13d61b090 (13 bytes)
1771068670.898290 sending message 112 to peer 0x13d61b090 (13 bytes)
1771068670.898295 sending message 112 to peer 0x13d61b090 (13 bytes)
1771068670.898302 sending message 112 to peer 0x13d61b090 (12 bytes)
1771068670.898307 sending message 112 to peer 0x13d61b090 (10 bytes)
1771068670.898312 sending message 112 to peer 0x13d61b090 (12 bytes)
1771068670.898317 sending message 112 to peer 0x13d61b090 (12 bytes)
1771068670.898323 sending message 112 to peer 0x13d61b090 (12 bytes)
1771068670.898328 sending message 112 to peer 0x13d61b090 (13 bytes)
1771068670.898334 sending message 112 to peer 0x13d61b090 (13 bytes)
1771068670.898339 sending message 112 to peer 0x13d61b090 (13 bytes)
1771068670.898344 sending message 112 to peer 0x13d61b090 (13 bytes)
1771068670.898349 sending message 112 to peer 0x13d61b090 (13 bytes)
1771068670.898354 sending message 112 to peer 0x13d61b090 (13 bytes)
1771068670.898359 sending message 112 to peer 0x13d61b090 (13 bytes)
1771068670.898365 sending message 112 to peer 0x13d61b090 (10 bytes)
1771068670.898370 sending message 112 to peer 0x13d61b090 (13 bytes)
1771068670.898375 sending message 112 to peer 0x13d61b090 (12 bytes)
1771068670.898379 sending message 112 to peer 0x13d61b090 (12 bytes)
1771068670.898385 sending message 112 to peer 0x13d61b090 (12 bytes)
1771068670.898390 sending message 112 to peer 0x13d61b090 (10 bytes)
1771068670.898395 sending message 112 to peer 0x13d61b090 (10 bytes)
1771068670.898400 sending message 112 to peer 0x13d61b090 (10 bytes)
1771068670.898406 sending message 112 to peer 0x13d61b090 (12 bytes)
1771068670.898411 sending message 112 to peer 0x13d61b090 (13 bytes)
1771068670.898416 sending message 112 to peer 0x13d61b090 (13 bytes)
1771068670.898422 sending message 112 to peer 0x13d61b090 (13 bytes)
1771068670.898426 sending message 112 to peer 0x13d61b090 (13 bytes)
1771068670.898432 sending message 112 to peer 0x13d61b090 (13 bytes)
1771068670.898437 sending message 112 to peer 0x13d61b090 (10 bytes)
1771068670.898442 sending message 112 to peer 0x13d61b090 (11 bytes)
1771068670.898448 sending message 112 to peer 0x13d61b090 (12 bytes)
1771068670.898453 sending message 112 to peer 0x13d61b090 (12 bytes)
1771068670.898458 sending message 112 to peer 0x13d61b090 (12 bytes)
1771068670.898463 sending message 112 to peer 0x13d61b090 (12 bytes)
1771068670.898468 sending message 112 to peer 0x13d61b090 (12 bytes)
1771068670.898473 sending message 112 to peer 0x13d61b090 (11 bytes)
1771068670.898479 sending message 112 to peer 0x13d61b090 (12 bytes)
1771068670.898484 sending message 112 to peer 0x13d61b090 (12 bytes)
1771068670.898489 sending message 112 to peer 0x13d61b090 (13 bytes)
1771068670.898494 sending message 112 to peer 0x13d61b090 (13 bytes)
1771068670.898499 sending message 112 to peer 0x13d61b090 (13 bytes)
1771068670.898504 sending message 112 to peer 0x13d61b090 (13 bytes)
1771068670.898510 sending message 112 to peer 0x13d61b090 (13 bytes)
1771068670.898515 sending message 112 to peer 0x13d61b090 (10 bytes)
1771068670.898520 sending message 112 to peer 0x13d61b090 (9 bytes)
1771068670.898526 sending message 112 to peer 0x13d61b090 (12 bytes)
1771068670.898531 sending message 112 to peer 0x13d61b090 (13 bytes)
1771068670.898536 sending message 112 to peer 0x13d61b090 (13 bytes)
1771068670.898541 sending message 112 to peer 0x13d61b090 (13 bytes)
1771068670.898546 sending message 112 to peer 0x13d61b090 (13 bytes)
1771068670.898551 sending message 112 to peer 0x13d61b090 (13 bytes)
1771068670.898557 sending message 112 to peer 0x13d61b090 (9 bytes)
1771068670.898562 sending message 112 to peer 0x13d61b090 (12 bytes)
1771068670.898567 sending message 112 to peer 0x13d61b090 (13 bytes)
1771068670.898573 sending message 112 to peer 0x13d61b090 (13 bytes)
1771068670.898578 sending message 112 to peer 0x13d61b090 (13 bytes)
1771068670.898583 sending message 112 to peer 0x13d61b090 (13 bytes)
1771068670.898588 sending message 112 to peer 0x13d61b090 (13 bytes)
1771068670.898601 sending message 112 to peer 0x13d61b090 (11 bytes)
1771068670.898606 sending message 112 to peer 0x13d61b090 (12 bytes)
1771068670.898611 sending message 112 to peer 0x13d61b090 (13 bytes)
1771068670.898616 sending message 112 to peer 0x13d61b090 (13 bytes)
1771068670.898622 sending message 112 to peer 0x13d61b090 (13 bytes)
1771068670.898627 sending message 112 to peer 0x13d61b090 (13 bytes)
1771068670.898633 sending message 112 to peer 0x13d61b090 (13 bytes)
1771068670.898638 sending message 112 to peer 0x13d61b090 (11 bytes)
1771068670.898644 sending message 112 to peer 0x13d61b090 (12 bytes)
1771068670.898649 sending message 112 to peer 0x13d61b090 (12 bytes)
1771068670.898655 sending message 112 to peer 0x13d61b090 (12 bytes)
1771068670.898660 sending message 112 to peer 0x13d61b090 (12 bytes)
1771068670.898665 sending message 112 to peer 0x13d61b090 (12 bytes)
1771068670.898670 sending message 112 to peer 0x13d61b090 (21 bytes)
1771068670.898676 sending message 112 to peer 0x13d61b090 (12 bytes)
1771068670.898681 sending message 112 to peer 0x13d61b090 (9 bytes)
1771068670.898687 sending message 112 to peer 0x13d61b090 (6 bytes)
1771068670.898692 sending message 112 to peer 0x13d61b090 (13 bytes)
1771068670.898698 sending message 112 to peer 0x13d61b090 (10 bytes)
1771068670.898703 sending message 112 to peer 0x13d61b090 (24 bytes)
1771068670.898709 sending message 112 to peer 0x13d61b090 (13 bytes)
1771068670.898714 sending message 112 to peer 0x13d61b090 (9 bytes)
1771068670.898719 sending message 112 to peer 0x13d61b090 (70 bytes)
1771068670.898724 sending message 112 to peer 0x13d61b090 (69 bytes)
1771068670.898730 sending message 112 to peer 0x13d61b090 (12 bytes)
1771068670.898734 sending message 112 to peer 0x13d61b090 (10 bytes)
1771068670.898740 sending message 112 to peer 0x13d61b090 (10 bytes)
1771068670.898745 sending message 112 to peer 0x13d61b090 (24 bytes)
1771068670.898751 sending message 112 to peer 0x13d61b090 (13 bytes)
1771068670.898756 sending message 112 to peer 0x13d61b090 (10 bytes)
1771068670.898761 sending message 112 to peer 0x13d61b090 (10 bytes)
1771068670.898766 sending message 112 to peer 0x13d61b090 (10 bytes)
1771068670.898771 sending message 112 to peer 0x13d61b090 (13 bytes)
1771068670.898776 sending message 112 to peer 0x13d61b090 (15 bytes)
1771068670.898781 sending message 112 to peer 0x13d61b090 (5 bytes)
1771068670.898787 sending message 104 to peer 0x13d61b090 (0 bytes)
1771068670.898794 sending message 110 to peer 0x13d61b090 (0 bytes)
1771068670.898799 sending message 107 to peer 0x13d61b090 (4 bytes)
1771068670.898804 sending message 105 to peer 0x13d61b090 (17 bytes)
1771068670.898809 sending message 105 to peer 0x13d61b090 (17 bytes)
1771068670.898814 sending message 105 to peer 0x13d61b090 (22 bytes)
1771068670.898820 sending message 105 to peer 0x13d61b090 (46 bytes)
1771068670.898825 sending message 105 to peer 0x13d61b090 (520 bytes)
1771068670.898830 sending message 105 to peer 0x13d61b090 (20 bytes)
1771068670.898836 sending message 105 to peer 0x13d61b090 (66 bytes)
1771068670.898841 sending message 105 to peer 0x13d61b090 (24 bytes)
1771068670.898846 sending message 105 to peer 0x13d61b090 (15 bytes)
1771068670.898851 sending message 105 to peer 0x13d61b090 (57 bytes)
1771068670.898857 sending message 105 to peer 0x13d61b090 (38 bytes)
1771068670.898862 sending message 105 to peer 0x13d61b090 (19 bytes)
1771068670.898867 sending message 105 to peer 0x13d61b090 (14 bytes)
1771068670.898872 sending message 105 to peer 0x13d61b090 (20 bytes)
1771068670.898878 sending message 105 to peer 0x13d61b090 (22 bytes)
1771068670.898885 sending message 105 to peer 0x13d61b090 (11 bytes)
1771068670.898890 sending message 105 to peer 0x13d61b090 (24 bytes)
1771068670.898895 sending message 105 to peer 0x13d61b090 (17 bytes)
1771068670.898900 sending message 105 to peer 0x13d61b090 (8 bytes)
1771068670.898907 sending message 105 to peer 0x13d61b090 (50 bytes)
1771068670.898912 sending message 105 to peer 0x13d61b090 (53 bytes)
1771068670.898927 sending message 105 to peer 0x13d61b090 (30 bytes)
1771068670.898932 sending message 105 to peer 0x13d61b090 (37 bytes)
1771068670.898937 sending message 105 to peer 0x13d61b090 (34 bytes)
1771068670.898943 sending message 105 to peer 0x13d61b090 (35 bytes)
1771068670.898948 sending message 105 to peer 0x13d61b090 (54 bytes)
1771068670.898953 sending message 105 to peer 0x13d61b090 (15 bytes)
1771068670.898959 sending message 105 to peer 0x13d61b090 (396 bytes)
1771068670.898964 sending message 105 to peer 0x13d61b090 (52 bytes)
1771068670.898969 sending message 105 to peer 0x13d61b090 (58 bytes)
1771068670.898975 sending message 105 to peer 0x13d61b090 (55 bytes)
1771068670.898980 sending message 105 to peer 0x13d61b090 (25 bytes)
1771068670.898985 sending message 106 to peer 0x13d61b090 (0 bytes)
1771068670.899096 sending message 200 to peer 0x13d61b090 (4 bytes)
1771068670.899103 client loop enter
1771068670.909686 peer 0x13d61b090 message 207
1771068670.909700 sending message 208 to peer 0x13d61b090 (0 bytes)
1771073937.393077 client_signal: Window size changes: 28
1771073937.393339 sending message 208 to peer 0x13d61b090 (0 bytes)
1771081138.870546 client_signal: Window size changes: 28
1771081138.870818 sending message 208 to peer 0x13d61b090 (0 bytes)
1771102071.515432 client_signal: Window size changes: 28
1771102071.515794 sending message 208 to peer 0x13d61b090 (0 bytes)
1771102161.279356 client_signal: Window size changes: 28
1771102161.279386 sending message 208 to peer 0x13d61b090 (0 bytes)
1771156687.314179 client_signal: Window size changes: 28
1771156687.314396 sending message 208 to peer 0x13d61b090 (0 bytes)
1771192731.758273 client_signal: Window size changes: 28
1771192731.758694 sending message 208 to peer 0x13d61b090 (0 bytes)
1771193298.598409 client_signal: Window size changes: 28
1771193298.598824 sending message 208 to peer 0x13d61b090 (0 bytes)
1771193299.048279 client_signal: Window size changes: 28
1771193299.048315 sending message 208 to peer 0x13d61b090 (0 bytes)
